2024-03-20T17:31:38.221Z
cwd: C:\dev\tpr-dvd-prototype-v2
package: govuk-prototype-kit@13.16.1
argv: C:\Program Files\nodejs\node.exe ~\AppData\Roaming\npm-cache\_npx\25036\node_modules\govuk-prototype-kit\bin\cli migrate
Started [Check migration is being applied to a pre v13 prototype]
Succeeded [Check migration is being applied to a pre v13 prototype]
2024-03-20T17:32:00.799Z
cwd: C:\dev\tpr-dvd-prototype-v2
package: govuk-prototype-kit@13.16.1
argv: C:\Program Files\nodejs\node.exe C:\dev\tpr-dvd-prototype-v2\node_modules\govuk-prototype-kit\bin\cli migrate -- C:\dev\tpr-dvd-prototype-v2
Started [Migrate config.js to config.json]
Started [Update application SCSS file]
Started [Deleted files that are no longer needed]
Started [Deleted directories that are no longer needed]
Started [Delete listen-on-port.js]
Started [Delete start.js]
Started [Delete Procfile]
Started [Delete server.js]
Started [Delete VERSION.txt]
Started [Delete app/assets/sass/application-ie8.scss]
Started [Delete app/assets/sass/unbranded-ie8.scss]
Started [Remove unused directory docs]
Started [Remove unused directory lib]
Started [Remove unused directory public]
Succeeded [Migrate config.js to config.json]
Succeeded [Delete listen-on-port.js]
Succeeded [Delete start.js]
Succeeded [Delete Procfile]
Succeeded [Delete server.js]
Succeeded [Delete VERSION.txt]
Succeeded [Delete app/assets/sass/application-ie8.scss]
Succeeded [Delete app/assets/sass/unbranded-ie8.scss]
Succeeded [Deleted files that are no longer needed]
Found [// Add your routes here - above the module.exports line] in [app\routes.js], replacing
Started [Overwrite app/filters.js]
Started [Overwrite app/assets/javascripts/application.js]
Started [Overwrite app/views/layout.html]
Keeping these lines from old file
Found [// Add extra styles here, or re-organise the Sass files in whichever way makes most sense to you] in [app\assets\sass\application.scss], replacing
Copying from [node_modules\govuk-prototype-kit\prototype-starter\app\filters.js] to [app\filters.js]
Started [Update app/assets/javascripts/application.js]
Copying from [node_modules\govuk-prototype-kit\prototype-starter\app\views\layouts\main.html] to [app\views\layout.html]
Started [Delete app/assets/images/separator-2x.png]
Started [Delete app/assets/images/separator.png]
Started [Delete app/assets/images/unbranded.ico]
Started [Delete app/assets/javascripts/jquery-1.11.3.js]
Started [Delete app/assets/sass/unbranded.scss]
Started [Delete app/views/includes/cookie-banner.html]
Started [Delete app/assets/javascripts/auto-store-data.js]
Started [Delete app/views/includes/breadcrumb_examples.html]
Started [Delete app/views/includes/head.html]
Started [Delete app/views/layout_unbranded.html]
Started [Delete app/assets/sass/patterns/_contents-list.scss]
Started [Delete app/views/includes/scripts.html]
Started [Delete app/assets/sass/patterns/_mainstream-guide.scss]
Started [Delete app/assets/sass/patterns/_pagination.scss]
Started [Delete app/assets/sass/patterns/_task-list.scss]
Started [Delete app/assets/sass/patterns/_related-items.scss]
Keeping these lines from old file
Failed [Delete app/assets/images/unbranded.ico]
Failed [Delete app/views/includes/cookie-banner.html]
Succeeded [Delete app/assets/images/separator-2x.png]
Succeeded [Delete app/assets/images/separator.png]
Succeeded [Delete app/assets/javascripts/jquery-1.11.3.js]
Succeeded [Delete app/assets/sass/unbranded.scss]
Succeeded [Delete app/assets/javascripts/auto-store-data.js]
Succeeded [Delete app/views/includes/breadcrumb_examples.html]
Succeeded [Delete app/views/includes/head.html]
Succeeded [Delete app/views/layout_unbranded.html]
Succeeded [Delete app/views/includes/scripts.html]
Succeeded [Delete app/assets/sass/patterns/_contents-list.scss]
Succeeded [Delete app/assets/sass/patterns/_mainstream-guide.scss]
Succeeded [Delete app/assets/sass/patterns/_pagination.scss]
Succeeded [Delete app/assets/sass/patterns/_task-list.scss]
Succeeded [Update application SCSS file]
Succeeded [Delete app/assets/sass/patterns/_related-items.scss]
//,// For guidance on how to create routes see:,// https://prototype-kit.service.gov.uk/docs/create-routes,//,,const govukPrototypeKit = require('govuk-prototype-kit'),const router = govukPrototypeKit.requests.setupRouter(),,// Add your routes here,,,module.exports = router,,// GENERIC NEXT PAGE ELEMENT,router.post('*', function (req, res, next) {,  console.log(req.body);,,  if (req.body['next-page']) {,    res.redirect(req.body['next-page']);,  } else {,    next();,  },});,
Succeeded [Update app/assets/javascripts/application.js]
Found [module.exports = router;,module.exports = router] in [app\routes.js], removing
Succeeded [Overwrite app/assets/javascripts/application.js]
Succeeded [Remove unused directory lib]
Succeeded [Remove unused directory public]
Succeeded [Overwrite app/filters.js]
Succeeded [Overwrite app/views/layout.html]
Succeeded [Update routes file]
Succeeded [Remove unused directory docs]
Succeeded [Deleted directories that are no longer needed]
ENOENT: no such file or directory, stat 'C:\dev\tpr-dvd-prototype-v2\app\views\layout_unbranded.html'
Error: ENOENT: no such file or directory, stat 'C:\dev\tpr-dvd-prototype-v2\app\views\layout_unbranded.html'
